mode: set
conordowney/pockethealth/service/service.go:15.105,19.35 3 0
conordowney/pockethealth/service/service.go:40.2,41.29 2 0
conordowney/pockethealth/service/service.go:19.35,24.17 4 0
conordowney/pockethealth/service/service.go:27.3,29.45 2 0
conordowney/pockethealth/service/service.go:24.17,26.4 1 0
conordowney/pockethealth/service/service.go:29.45,32.18 3 0
conordowney/pockethealth/service/service.go:36.4,36.47 1 0
conordowney/pockethealth/service/service.go:32.18,34.5 1 0
conordowney/pockethealth/service/service.go:46.122,51.16 3 0
conordowney/pockethealth/service/service.go:55.2,56.16 2 0
conordowney/pockethealth/service/service.go:60.2,61.19 2 0
conordowney/pockethealth/service/service.go:68.2,69.16 2 0
conordowney/pockethealth/service/service.go:73.2,73.18 1 0
conordowney/pockethealth/service/service.go:51.16,53.3 1 0
conordowney/pockethealth/service/service.go:56.16,58.3 1 0
conordowney/pockethealth/service/service.go:61.19,63.17 2 0
conordowney/pockethealth/service/service.go:63.17,65.4 1 0
conordowney/pockethealth/service/service.go:69.16,71.3 1 0
conordowney/pockethealth/utils/file.go:14.104,16.36 2 1
conordowney/pockethealth/utils/file.go:20.2,21.16 2 1
conordowney/pockethealth/utils/file.go:25.2,28.16 3 1
conordowney/pockethealth/utils/file.go:32.2,36.16 3 1
conordowney/pockethealth/utils/file.go:40.2,40.22 1 1
conordowney/pockethealth/utils/file.go:16.36,18.3 1 1
conordowney/pockethealth/utils/file.go:21.16,23.3 1 0
conordowney/pockethealth/utils/file.go:28.16,30.3 1 0
conordowney/pockethealth/utils/file.go:36.16,38.3 1 0
conordowney/pockethealth/handlers/handler.go:14.60,17.16 2 1
conordowney/pockethealth/handlers/handler.go:21.2,24.21 3 1
conordowney/pockethealth/handlers/handler.go:29.2,30.16 2 1
conordowney/pockethealth/handlers/handler.go:35.2,35.25 1 1
conordowney/pockethealth/handlers/handler.go:17.16,20.3 2 1
conordowney/pockethealth/handlers/handler.go:24.21,27.3 2 1
conordowney/pockethealth/handlers/handler.go:30.16,33.3 2 0
conordowney/pockethealth/handlers/handler.go:39.86,46.16 3 1
conordowney/pockethealth/handlers/handler.go:46.16,48.50 1 0
conordowney/pockethealth/dicom_wrapper/dicom.go:16.57,18.16 2 1
conordowney/pockethealth/dicom_wrapper/dicom.go:24.2,24.22 1 1
conordowney/pockethealth/dicom_wrapper/dicom.go:18.16,20.3 1 1
conordowney/pockethealth/dicom_wrapper/dicom.go:31.93,33.37 2 1
conordowney/pockethealth/dicom_wrapper/dicom.go:53.2,53.20 1 1
conordowney/pockethealth/dicom_wrapper/dicom.go:33.37,36.17 2 1
conordowney/pockethealth/dicom_wrapper/dicom.go:40.3,41.17 2 1
conordowney/pockethealth/dicom_wrapper/dicom.go:50.3,50.26 1 1
conordowney/pockethealth/dicom_wrapper/dicom.go:36.17,38.4 1 1
conordowney/pockethealth/dicom_wrapper/dicom.go:41.17,43.58 1 1
conordowney/pockethealth/dicom_wrapper/dicom.go:43.58,44.13 1 1
conordowney/pockethealth/dicom_wrapper/dicom.go:45.10,47.5 1 0
conordowney/pockethealth/dicom_wrapper/dicom.go:57.64,61.36 2 1
conordowney/pockethealth/dicom_wrapper/dicom.go:64.2,65.16 2 1
conordowney/pockethealth/dicom_wrapper/dicom.go:69.2,71.42 3 1
conordowney/pockethealth/dicom_wrapper/dicom.go:94.2,94.12 1 1
conordowney/pockethealth/dicom_wrapper/dicom.go:61.36,63.3 1 0
conordowney/pockethealth/dicom_wrapper/dicom.go:65.16,67.3 1 0
conordowney/pockethealth/dicom_wrapper/dicom.go:71.42,73.17 2 1
conordowney/pockethealth/dicom_wrapper/dicom.go:80.3,81.17 2 1
conordowney/pockethealth/dicom_wrapper/dicom.go:84.3,85.17 2 1
conordowney/pockethealth/dicom_wrapper/dicom.go:89.3,90.17 2 1
conordowney/pockethealth/dicom_wrapper/dicom.go:73.17,75.4 1 0
conordowney/pockethealth/dicom_wrapper/dicom.go:81.17,83.4 1 0
conordowney/pockethealth/dicom_wrapper/dicom.go:85.17,87.4 1 0
conordowney/pockethealth/dicom_wrapper/dicom.go:90.17,92.4 1 0
conordowney/pockethealth/dicom_wrapper/dicom.go:98.52,104.16 5 1
conordowney/pockethealth/dicom_wrapper/dicom.go:107.2,108.16 2 1
conordowney/pockethealth/dicom_wrapper/dicom.go:112.2,113.21 2 1
conordowney/pockethealth/dicom_wrapper/dicom.go:104.16,106.3 1 1
conordowney/pockethealth/dicom_wrapper/dicom.go:108.16,110.3 1 1
